<?xml version="1.0" encoding="UTF-8"?>
<!-- Generated by org.testng.reporters.JUnitReportReporter -->
<testsuite skipped="0" hostname="Oprekin-PC" name="com.assertionproject.TestAssertionProject" tests="6" failures="0" timestamp="20 Dec 2021 14:07:17 GMT" time="0.174" errors="0">
  <testcase name="assertEqualsTest" time="0.072" classname="com.assertionproject.TestAssertionProject"/>
  <testcase name="assertNotEqualsTest" time="0.036" classname="com.assertionproject.TestAssertionProject"/>
  <testcase name="assertNullTest" time="0.003" classname="com.assertionproject.TestAssertionProject"/>
  <testcase name="assertNotNullTest" time="0.002" classname="com.assertionproject.TestAssertionProject"/>
  <testcase name="assertTrueTest" time="0.029" classname="com.assertionproject.TestAssertionProject"/>
  <testcase name="assertFalseTest" time="0.032" classname="com.assertionproject.TestAssertionProject"/>
</testsuite> <!-- com.assertionproject.TestAssertionProject -->
